  Alwintest.cpp
C:\Users\Alwin\Dropbox\Work\School\Y1T2\1451\Dovins-veto\Alpha\Source\Alwintest.cpp(140,12): warning C4244: 'argument': conversion from 'time_t' to 'unsigned int', possible loss of data
C:\Users\Alwin\Dropbox\Work\School\Y1T2\1451\Dovins-veto\Alpha\Source\Alwintest.cpp(154,59): warning C4244: '+=': conversion from 'f64' to 'float', possible loss of data
C:\Users\Alwin\Dropbox\Work\School\Y1T2\1451\Dovins-veto\Alpha\Source\Alwintest.cpp(276,90): warning C4244: 'argument': conversion from 'f64' to 'float', possible loss of data
C:\Users\Alwin\Dropbox\Work\School\Y1T2\1451\Dovins-veto\Alpha\Source\Alwintest.cpp(287,93): warning C4244: '+=': conversion from 'f64' to 'f32', possible loss of data
C:\Users\Alwin\Dropbox\Work\School\Y1T2\1451\Dovins-veto\Alpha\Source\Alwintest.cpp(288,93): warning C4244: '+=': conversion from 'f64' to 'f32', possible loss of data
C:\Users\Alwin\Dropbox\Work\School\Y1T2\1451\Dovins-veto\Alpha\Source\Alwintest.cpp(313,62): warning C4244: '+=': conversion from 'f64' to 'f32', possible loss of data
C:\Users\Alwin\Dropbox\Work\School\Y1T2\1451\Dovins-veto\Alpha\Source\Alwintest.cpp(404,112): warning C4244: 'argument': conversion from 'double' to 'float', possible loss of data
C:\Users\Alwin\Dropbox\Work\School\Y1T2\1451\Dovins-veto\Alpha\Source\Alwintest.cpp(561,17): warning C4244: 'initializing': conversion from 'f32' to 'int', possible loss of data
C:\Users\Alwin\Dropbox\Work\School\Y1T2\1451\Dovins-veto\Alpha\Source\Alwintest.cpp(562,17): warning C4244: 'initializing': conversion from 'f32' to 'int', possible loss of data
C:\Users\Alwin\Dropbox\Work\School\Y1T2\1451\Dovins-veto\Alpha\Source\Alwintest.cpp(590,151): warning C4244: 'argument': conversion from 'f32' to 'int', possible loss of data
C:\Users\Alwin\Dropbox\Work\School\Y1T2\1451\Dovins-veto\Alpha\Source\Alwintest.cpp(590,122): warning C4244: 'argument': conversion from 'f32' to 'int', possible loss of data
C:\Users\Alwin\Dropbox\Work\School\Y1T2\1451\Dovins-veto\Alpha\Source\Alwintest.cpp(599,151): warning C4244: 'argument': conversion from 'f32' to 'int', possible loss of data
C:\Users\Alwin\Dropbox\Work\School\Y1T2\1451\Dovins-veto\Alpha\Source\Alwintest.cpp(599,122): warning C4244: 'argument': conversion from 'f32' to 'int', possible loss of data
C:\Users\Alwin\Dropbox\Work\School\Y1T2\1451\Dovins-veto\Alpha\Source\Alwintest.cpp(608,150): warning C4244: 'argument': conversion from 'f32' to 'int', possible loss of data
C:\Users\Alwin\Dropbox\Work\School\Y1T2\1451\Dovins-veto\Alpha\Source\Alwintest.cpp(608,121): warning C4244: 'argument': conversion from 'f32' to 'int', possible loss of data
C:\Users\Alwin\Dropbox\Work\School\Y1T2\1451\Dovins-veto\Alpha\Source\Alwintest.cpp(615,151): warning C4244: 'argument': conversion from 'f32' to 'int', possible loss of data
C:\Users\Alwin\Dropbox\Work\School\Y1T2\1451\Dovins-veto\Alpha\Source\Alwintest.cpp(615,122): warning C4244: 'argument': conversion from 'f32' to 'int', possible loss of data
C:\Users\Alwin\Dropbox\Work\School\Y1T2\1451\Dovins-veto\Alpha\Source\Alwintest.cpp(657,78): warning C4244: '-=': conversion from 'double' to 'f32', possible loss of data
C:\Users\Alwin\Dropbox\Work\School\Y1T2\1451\Dovins-veto\Alpha\Source\Alwintest.cpp(658,78): warning C4244: '-=': conversion from 'double' to 'f32', possible loss of data
C:\Users\Alwin\Dropbox\Work\School\Y1T2\1451\Dovins-veto\Alpha\Source\Alwintest.cpp(676,95): warning C4244: 'argument': conversion from 'f32' to 'int', possible loss of data
C:\Users\Alwin\Dropbox\Work\School\Y1T2\1451\Dovins-veto\Alpha\Source\Alwintest.cpp(676,76): warning C4244: 'argument': conversion from 'f32' to 'int', possible loss of data
C:\Users\Alwin\Dropbox\Work\School\Y1T2\1451\Dovins-veto\Alpha\Source\Alwintest.cpp(691,91): warning C4244: 'argument': conversion from 'f32' to 'int', possible loss of data
C:\Users\Alwin\Dropbox\Work\School\Y1T2\1451\Dovins-veto\Alpha\Source\Alwintest.cpp(691,62): warning C4244: 'argument': conversion from 'f32' to 'int', possible loss of data
C:\Users\Alwin\Dropbox\Work\School\Y1T2\1451\Dovins-veto\Alpha\Source\Alwintest.cpp(703,117): warning C4244: 'argument': conversion from 'f32' to 'int', possible loss of data
C:\Users\Alwin\Dropbox\Work\School\Y1T2\1451\Dovins-veto\Alpha\Source\Alwintest.cpp(703,88): warning C4244: 'argument': conversion from 'f32' to 'int', possible loss of data
C:\Users\Alwin\Dropbox\Work\School\Y1T2\1451\Dovins-veto\Alpha\Source\Alwintest.cpp(726,62): warning C4244: 'argument': conversion from 'f32' to 'int', possible loss of data
C:\Users\Alwin\Dropbox\Work\School\Y1T2\1451\Dovins-veto\Alpha\Source\Alwintest.cpp(726,55): warning C4244: 'argument': conversion from 'f32' to 'int', possible loss of data
C:\Users\Alwin\Dropbox\Work\School\Y1T2\1451\Dovins-veto\Alpha\Source\Alwintest.cpp(771,57): warning C4244: '+=': conversion from 'f64' to 'float', possible loss of data
C:\Users\Alwin\Dropbox\Work\School\Y1T2\1451\Dovins-veto\Alpha\Source\Alwintest.cpp(862,32): warning C4244: 'argument': conversion from 'double' to 'f32', possible loss of data
C:\Users\Alwin\Dropbox\Work\School\Y1T2\1451\Dovins-veto\Alpha\Source\Alwintest.cpp(862,60): warning C4244: 'argument': conversion from 'double' to 'f32', possible loss of data
C:\Users\Alwin\Dropbox\Work\School\Y1T2\1451\Dovins-veto\Alpha\Source\Alwintest.cpp(898,70): warning C4244: '+=': conversion from 'f64' to 'f32', possible loss of data
C:\Users\Alwin\Dropbox\Work\School\Y1T2\1451\Dovins-veto\Alpha\Source\Alwintest.cpp(911,60): warning C4244: 'argument': conversion from 'f32' to 'int', possible loss of data
C:\Users\Alwin\Dropbox\Work\School\Y1T2\1451\Dovins-veto\Alpha\Source\Alwintest.cpp(911,53): warning C4244: 'argument': conversion from 'f32' to 'int', possible loss of data
C:\Users\Alwin\Dropbox\Work\School\Y1T2\1451\Dovins-veto\Alpha\Source\Alwintest.cpp(913,72): warning C4244: 'argument': conversion from 'f32' to 'int', possible loss of data
C:\Users\Alwin\Dropbox\Work\School\Y1T2\1451\Dovins-veto\Alpha\Source\Alwintest.cpp(913,65): warning C4244: 'argument': conversion from 'f32' to 'int', possible loss of data
C:\Users\Alwin\Dropbox\Work\School\Y1T2\1451\Dovins-veto\Alpha\Source\Alwintest.cpp(917,66): warning C4244: 'argument': conversion from 'f32' to 'int', possible loss of data
C:\Users\Alwin\Dropbox\Work\School\Y1T2\1451\Dovins-veto\Alpha\Source\Alwintest.cpp(917,59): warning C4244: 'argument': conversion from 'f32' to 'int', possible loss of data
C:\Users\Alwin\Dropbox\Work\School\Y1T2\1451\Dovins-veto\Alpha\Source\Alwintest.cpp(967,106): warning C4244: 'argument': conversion from 'f64' to 'float', possible loss of data
C:\Users\Alwin\Dropbox\Work\School\Y1T2\1451\Dovins-veto\Alpha\Source\Alwintest.cpp(1017,75): warning C4244: '+=': conversion from 'f64' to 'f32', possible loss of data
C:\Users\Alwin\Dropbox\Work\School\Y1T2\1451\Dovins-veto\Alpha\Source\Alwintest.cpp(1018,75): warning C4244: '+=': conversion from 'f64' to 'f32', possible loss of data
C:\Users\Alwin\Dropbox\Work\School\Y1T2\1451\Dovins-veto\Alpha\Source\Alwintest.cpp(1056,33): warning C4244: 'argument': conversion from 'double' to 'f32', possible loss of data
C:\Users\Alwin\Dropbox\Work\School\Y1T2\1451\Dovins-veto\Alpha\Source\Alwintest.cpp(1056,63): warning C4244: 'argument': conversion from 'double' to 'f32', possible loss of data
C:\Users\Alwin\Dropbox\Work\School\Y1T2\1451\Dovins-veto\Alpha\Source\Alwintest.cpp(1165,72): warning C4244: 'argument': conversion from 'int' to 'float', possible loss of data
C:\Users\Alwin\Dropbox\Work\School\Y1T2\1451\Dovins-veto\Alpha\Source\Alwintest.cpp(1165,51): warning C4244: 'argument': conversion from 'int' to 'float', possible loss of data
C:\Users\Alwin\Dropbox\Work\School\Y1T2\1451\Dovins-veto\Alpha\Source\Alwintest.cpp(1167,21): warning C4018: '<': signed/unsigned mismatch
C:\Users\Alwin\Dropbox\Work\School\Y1T2\1451\Dovins-veto\Alpha\Source\Alwintest.cpp(1220,21): warning C4018: '<': signed/unsigned mismatch
C:\Users\Alwin\Dropbox\Work\School\Y1T2\1451\Dovins-veto\Alpha\Source\Alwintest.cpp(1232,21): warning C4018: '<': signed/unsigned mismatch
C:\Users\Alwin\Dropbox\Work\School\Y1T2\1451\Dovins-veto\Alpha\Source\Alwintest.cpp(1244,21): warning C4018: '<': signed/unsigned mismatch
C:\Users\Alwin\Dropbox\Work\School\Y1T2\1451\Dovins-veto\Alpha\Source\Alwintest.cpp(1256,21): warning C4018: '<': signed/unsigned mismatch
  Alpha.vcxproj -> C:\Users\Alwin\Dropbox\Work\School\Y1T2\1451\Dovins-veto\Alpha\bin\Debug-x64\Alpha.exe
  21 File(s) copied
  1 File(s) copied
  1 File(s) copied
